TN:
SF:src/modules/appointments/services/CreateAppointmentService.ts
FN:38,__decorate
FN:38,__metadata
FN:38,__param
FN:38,__importDefault
FN:17,CreateAppointmentService
FN:22,execute
FNF:6
FNH:6
FNDA:1,__decorate
FNDA:1,__metadata
FNDA:1,__param
FNDA:1,__importDefault
FNDA:2,CreateAppointmentService
FNDA:3,execute
DA:1,1
DA:2,1
DA:3,1
DA:4,1
DA:5,1
DA:6,1
DA:7,1
DA:8,1
DA:9,1
DA:10,1
DA:11,1
DA:12,1
DA:13,1
DA:14,1
DA:15,1
DA:16,1
DA:17,1
DA:18,2
DA:19,2
DA:20,1
DA:21,1
DA:22,1
DA:23,3
DA:24,3
DA:25,3
DA:26,1
DA:27,1
DA:28,2
DA:29,2
DA:30,2
DA:31,2
DA:32,2
DA:33,2
DA:34,2
DA:35,1
DA:36,1
DA:37,1
DA:38,1
LF:38
LH:38
BRDA:38,0,0,1
BRDA:38,1,0,1
BRDA:38,2,0,0
BRDA:38,3,0,0
BRDA:38,4,0,0
BRDA:38,5,0,0
BRDA:38,6,0,1
BRDA:38,7,0,1
BRDA:38,8,0,1
BRDA:38,9,0,1
BRDA:38,10,0,0
BRDA:17,11,0,2
BRDA:22,12,0,3
BRDA:25,13,0,1
BRDA:27,14,0,2
BRDA:34,15,0,0
BRF:16
BRH:10
end_of_record
TN:
SF:src/modules/users/services/AuthenticateUserService.ts
FN:57,__decorate
FN:57,__metadata
FN:57,__param
FN:57,__importDefault
FN:25,AuthenthicateUserService
FN:33,execute
FNF:6
FNH:6
FNDA:1,__decorate
FNDA:1,__metadata
FNDA:2,__param
FNDA:2,__importDefault
FNDA:3,AuthenthicateUserService
FNDA:3,execute
DA:1,1
DA:2,1
DA:3,1
DA:4,1
DA:5,1
DA:6,1
DA:7,1
DA:8,1
DA:9,1
DA:10,1
DA:11,1
DA:12,1
DA:13,1
DA:14,1
DA:15,1
DA:16,1
DA:17,1
DA:18,1
DA:19,1
DA:20,1
DA:21,1
DA:22,1
DA:23,1
DA:24,1
DA:25,1
DA:26,3
DA:27,3
DA:28,3
DA:29,3
DA:30,3
DA:31,3
DA:32,1
DA:33,1
DA:34,3
DA:35,3
DA:36,3
DA:37,1
DA:38,1
DA:39,2
DA:40,2
DA:41,2
DA:42,3
DA:43,1
DA:44,1
DA:45,1
DA:46,1
DA:47,1
DA:48,1
DA:49,1
DA:50,1
DA:51,1
DA:52,1
DA:53,1
DA:54,1
DA:55,1
DA:56,1
DA:57,1
LF:57
LH:57
BRDA:57,0,0,1
BRDA:57,1,0,1
BRDA:57,2,0,0
BRDA:57,3,0,0
BRDA:57,4,0,0
BRDA:57,5,0,0
BRDA:57,6,0,1
BRDA:57,7,0,2
BRDA:57,8,0,2
BRDA:57,9,0,2
BRDA:57,10,0,0
BRDA:25,11,0,3
BRDA:33,12,0,3
BRDA:36,13,0,1
BRDA:38,14,0,2
BRDA:42,15,0,1
BRDA:53,16,0,0
BRF:17
BRH:11
end_of_record
TN:
SF:src/modules/users/services/CreateUserService.ts
FN:44,__decorate
FN:44,__metadata
FN:44,__param
FN:44,__importDefault
FN:19,CreateUserService
FN:27,execute
FNF:6
FNH:6
FNDA:2,__decorate
FNDA:2,__metadata
FNDA:4,__param
FNDA:2,__importDefault
FNDA:4,CreateUserService
FNDA:5,execute
DA:1,1
DA:2,1
DA:3,1
DA:4,1
DA:5,1
DA:6,1
DA:7,1
DA:8,1
DA:9,1
DA:10,1
DA:11,1
DA:12,1
DA:13,1
DA:14,1
DA:15,1
DA:16,1
DA:17,1
DA:18,1
DA:19,1
DA:20,4
DA:21,4
DA:22,4
DA:23,4
DA:24,4
DA:25,4
DA:26,1
DA:27,1
DA:28,5
DA:29,5
DA:30,5
DA:31,1
DA:32,1
DA:33,4
DA:34,4
DA:35,4
DA:36,4
DA:37,4
DA:38,4
DA:39,4
DA:40,4
DA:41,1
DA:42,1
DA:43,1
DA:44,1
LF:44
LH:44
BRDA:44,0,0,2
BRDA:44,1,0,2
BRDA:44,2,0,0
BRDA:44,3,0,0
BRDA:44,4,0,0
BRDA:44,5,0,0
BRDA:44,6,0,2
BRDA:44,7,0,4
BRDA:44,8,0,4
BRDA:44,9,0,2
BRDA:44,10,0,0
BRDA:19,11,0,4
BRDA:27,12,0,5
BRDA:30,13,0,1
BRDA:32,14,0,4
BRDA:40,15,0,0
BRF:16
BRH:10
end_of_record
TN:
SF:src/modules/users/services/UpdateUserAvatarService.ts
FN:49,__decorate
FN:49,__metadata
FN:49,__param
FN:49,__importDefault
FN:20,UpdateUserAvatarService
FN:28,execute
FNF:6
FNH:6
FNDA:1,__decorate
FNDA:1,__metadata
FNDA:2,__param
FNDA:1,__importDefault
FNDA:3,UpdateUserAvatarService
FNDA:4,execute
DA:1,1
DA:2,1
DA:3,1
DA:4,1
DA:5,1
DA:6,1
DA:7,1
DA:8,1
DA:9,1
DA:10,1
DA:11,1
DA:12,1
DA:13,1
DA:14,1
DA:15,1
DA:16,1
DA:17,1
DA:18,1
DA:19,1
DA:20,1
DA:21,3
DA:22,3
DA:23,3
DA:24,3
DA:25,3
DA:26,3
DA:27,1
DA:28,1
DA:29,4
DA:30,4
DA:31,4
DA:32,1
DA:33,1
DA:34,3
DA:35,4
DA:36,1
DA:37,1
DA:38,3
DA:39,3
DA:40,3
DA:41,3
DA:42,3
DA:43,3
DA:44,3
DA:45,3
DA:46,1
DA:47,1
DA:48,1
DA:49,1
LF:49
LH:49
BRDA:49,0,0,1
BRDA:49,1,0,1
BRDA:49,2,0,0
BRDA:49,3,0,0
BRDA:49,4,0,0
BRDA:49,5,0,0
BRDA:49,6,0,1
BRDA:49,7,0,2
BRDA:49,8,0,2
BRDA:49,9,0,1
BRDA:49,10,0,0
BRDA:20,11,0,3
BRDA:28,12,0,4
BRDA:31,13,0,1
BRDA:33,14,0,3
BRDA:35,15,0,1
BRDA:37,16,0,3
BRDA:45,17,0,0
BRF:18
BRH:12
end_of_record
